0 info it worked if it ends with ok
1 verbose cli [ 'C:\\nodejs\\node.exe',
1 verbose cli   'C:\\nodejs\\node_modules\\npm\\bin\\npm-cli.js',
1 verbose cli   'start' ]
2 info using npm@3.10.10
3 info using node@v6.11.4
4 verbose run-script [ 'prestart', 'start', 'poststart' ]
5 info lifecycle test@0.1.0~prestart: test@0.1.0
6 silly lifecycle test@0.1.0~prestart: no script for prestart, continuing
7 info lifecycle test@0.1.0~start: test@0.1.0
8 verbose lifecycle test@0.1.0~start: unsafe-perm in lifecycle true
9 verbose lifecycle test@0.1.0~start: PATH: C:\nodejs\node_modules\npm\bin\node-gyp-bin;E:\github\askforhelp\node_modules\.bin;C:\ProgramData\Oracle\Java\javapath;C:\Program Files (x86)\Common Files\Microsoft Shared\Windows Live;C:\Windows\system32;C:\Windows;C:\Windows\System32\Wbem;C:\Windows\System32\WindowsPowerShell\v1.0\;C:\Program Files (x86)\ATI Technologies\ATI.ACE\Core-Static;C:\Program Files (x86)\Skype\Phone\;C:\nodejs\;C:\Program Files (x86)\NVIDIA Corporation\PhysX\Common;C:\Program Files\Common Files\Microsoft Shared\Windows Live;D:\ANaconda;D:\ANaconda\Scripts;D:\ANaconda\Library\bin;C:\Users\hax\AppData\Local\GitHubDesktop\bin;C:\Users\hax\AppData\Roaming\npm;C:\Users\hax\AppData\Local\atom\bin
10 verbose lifecycle test@0.1.0~start: CWD: E:\github\askforhelp
11 silly lifecycle test@0.1.0~start: Args: [ '/d /s /c', 'set PORT=3001 && react-scripts start' ]
12 silly lifecycle test@0.1.0~start: Returned: code: 3221225786  signal: null
13 info lifecycle test@0.1.0~start: Failed to exec start script
14 verbose stack Error: test@0.1.0 start: `set PORT=3001 && react-scripts start`
14 verbose stack Exit status 3221225786
14 verbose stack     at EventEmitter.<anonymous> (C:\nodejs\node_modules\npm\lib\utils\lifecycle.js:255:16)
14 verbose stack     at emitTwo (events.js:106:13)
14 verbose stack     at EventEmitter.emit (events.js:191:7)
14 verbose stack     at ChildProcess.<anonymous> (C:\nodejs\node_modules\npm\lib\utils\spawn.js:40:14)
14 verbose stack     at emitTwo (events.js:106:13)
14 verbose stack     at ChildProcess.emit (events.js:191:7)
14 verbose stack     at maybeClose (internal/child_process.js:920:16)
14 verbose stack     at Process.ChildProcess._handle.onexit (internal/child_process.js:230:5)
15 verbose pkgid test@0.1.0
16 verbose cwd E:\github\askforhelp
17 error Windows_NT 6.1.7601
18 error argv "C:\\nodejs\\node.exe" "C:\\nodejs\\node_modules\\npm\\bin\\npm-cli.js" "start"
19 error node v6.11.4
20 error npm  v3.10.10
21 error code ELIFECYCLE
22 error test@0.1.0 start: `set PORT=3001 && react-scripts start`
22 error Exit status 3221225786
23 error Failed at the test@0.1.0 start script 'set PORT=3001 && react-scripts start'.
23 error Make sure you have the latest version of node.js and npm installed.
23 error If you do, this is most likely a problem with the test package,
23 error not with npm itself.
23 error Tell the author that this fails on your system:
23 error     set PORT=3001 && react-scripts start
23 error You can get information on how to open an issue for this project with:
23 error     npm bugs test
23 error Or if that isn't available, you can get their info via:
23 error     npm owner ls test
23 error There is likely additional logging output above.
24 verbose exit [ 1, true ]
